<?xml version="1.0" encoding="UTF-8"?>
<!-- Generated by org.testng.reporters.JUnitReportReporter -->
<testsuite hostname="BA-000311899" failures="0" tests="2" name="Automation_DataProvider_Using_JSON.DataProvider_Using_Json" time="1.121" errors="0" timestamp="2023-12-04T12:16:57 IST" skipped="0">
  <testcase classname="Automation_DataProvider_Using_JSON.DataProvider_Using_Json" name="f" time="0.415"/>
  <system-out/>
  <testcase classname="Automation_DataProvider_Using_JSON.DataProvider_Using_Json" name="f" time="0.706"/>
  <system-out/>
</testsuite> <!-- Automation_DataProvider_Using_JSON.DataProvider_Using_Json -->
