<?xml version="1.0" encoding="UTF-8"?>
<!-- Generated by org.testng.reporters.JUnitReportReporter -->
<testsuite hostname="BA-000311899" failures="0" tests="2" name="Automation._Nov_2023.DataProvider_Using_HashMap" time="1.125" errors="0" timestamp="2023-12-04T11:19:19 IST" skipped="0">
  <testcase classname="Automation._Nov_2023.DataProvider_Using_HashMap" name="f" time="0.696"/>
  <system-out/>
  <testcase classname="Automation._Nov_2023.DataProvider_Using_HashMap" name="f" time="0.429"/>
  <system-out/>
</testsuite> <!-- Automation._Nov_2023.DataProvider_Using_HashMap -->
