<?xml version="1.0" encoding="UTF-8"?>
<!-- Generated by org.testng.reporters.JUnitReportReporter -->
<testsuite hostname="BA-000311899" failures="0" tests="3" name="Automation_ExtentReports.ExtentReport_Test01" time="15.312" errors="0" timestamp="2023-12-04T15:06:18 IST" skipped="0">
  <testcase classname="Automation_ExtentReports.ExtentReport_Test01" name="config" time="0.583"/>
  <system-out/>
  <testcase classname="Automation_ExtentReports.ExtentReport_Test01" name="launchApplication" time="8.567"/>
  <system-out/>
  <testcase classname="Automation_ExtentReports.ExtentReport_Test01" name="launchNegtiveApplication" time="6.162"/>
  <system-out/>
</testsuite> <!-- Automation_ExtentReports.ExtentReport_Test01 -->
